2026-02-20T13:14:23.199Z [console][debug] __ORCHIDS_NAVIGATE__ http://localhost:3001/
2026-02-20T13:14:38.526Z [console][warn] [Fast Refresh] rebuilding
2026-02-20T13:14:38.527Z [console][warn] [Fast Refresh] done in 102ms
2026-02-20T13:14:23.199Z [console][debug] __ORCHIDS_NAVIGATE__ http://localhost:3001/
2026-02-20T13:14:38.526Z [console][log] [Fast Refresh] rebuilding
2026-02-20T13:14:38.528Z [console][log] [Fast Refresh] done in 102ms
2026-02-20T16:48:00.626Z [console][error] ./Repos/shaik-ibtihaj.github.io/src/app/globals.css
Error evaluating Node.js code
CssSyntaxError: C:\Users\shaik\OneDrive\Desktop\Repos\shaik-ibtihaj.github.io\src\app\globals.css:378:1: Unexpected }
    [at Input.error (turbopack:///[project]/Repos/shaik-ibtihaj.github.io/node_modules/postcss/lib/input.js:135:16)]
    [at Parser.unexpectedClose (turbopack:///[project]/Repos/shaik-ibtihaj.github.io/node_modules/postcss/lib/parser.js:587:22)]
    [at Parser.end (turbopack:///[project]/Repos/shaik-ibtihaj.github.io/node_modules/postcss/lib/parser.js:330:12)]
    [at Parser.parse (turbopack:///[project]/Repos/shaik-ibtihaj.github.io/node_modules/postcss/lib/parser.js:456:16)]
    [at parse (turbopack:///[project]/Repos/shaik-ibtihaj.github.io/node_modules/postcss/lib/parse.js:11:12)]
    [at new LazyResult (turbopack:///[project]/Repos/shaik-ibtihaj.github.io/node_modules/postcss/lib/lazy-result.js:165:16)]
    [at Processor.process (turbopack:///[project]/Repos/shaik-ibtihaj.github.io/node_modules/postcss/lib/processor.js:53:14)]
    [at transform (turbopack:///[turbopack-node]/transforms/postcss.ts:70:51)]
    [at run (turbopack:///[turbopack-node]/ipc/evaluate.ts:92:29)]
    [at run (turbopack:///[turbopack-node]/ipc/evaluate.ts:115:11)]

Import trace:
  Client Component Browser:
    ./Repos/shaik-ibtihaj.github.io/src/app/globals.css [Client Component Browser]
    ./Repos/shaik-ibtihaj.github.io/src/app/layout.tsx [Server Component]
2026-02-20T16:48:00.693Z [console][log] [Fast Refresh] rebuilding
2026-02-20T16:48:21.860Z [console][log] [Fast Refresh] rebuilding
2026-02-20T16:48:47.838Z [console][log] [Fast Refresh] rebuilding
2026-02-20T16:48:48.650Z [console][log] [Fast Refresh] done in 894ms
